<?xml version="1.0" encoding="UTF-8"?>
<coverage generated="1719988537685" clover="3.2.0">
  <project timestamp="1719988537686" name="All files">
    <metrics statements="8" coveredstatements="8" conditionals="2" coveredconditionals="2" methods="5" coveredmethods="5" elements="15" coveredelements="15" complexity="0" loc="8" ncloc="8" packages="1" files="1" classes="1"/>
    <file name="calculator.js" path="/Users/ashwanikus/Documents/zip/calculator-assignment/calculator.js">
      <metrics statements="8" coveredstatements="8" conditionals="2" coveredconditionals="2" methods="5" coveredmethods="5"/>
      <line num="2" count="2" type="stmt"/>
      <line num="7" count="2" type="stmt"/>
      <line num="12" count="2" type="stmt"/>
      <line num="17" count="4" type="cond" truecount="2" falsecount="0"/>
      <line num="18" count="2" type="stmt"/>
      <line num="20" count="2" type="stmt"/>
      <line num="25" count="2" type="stmt"/>
      <line num="28" count="2" type="stmt"/>
    </file>
  </project>
</coverage>
